<?xml version="1.0" encoding="UTF-8"?>
<!-- Generated by org.testng.reporters.JUnitXMLReporter -->
<testsuite hostname="U4-DPE-CPU-0213" name="Test" tests="1" failures="1" timestamp="30 Mar 2016 06:58:10 GMT" time="50.398" errors="0">
  <testcase name="TestStarter" time="45.89" classname="ToolsQAProject.MainTestClass">
    <failure type="java.lang.IndexOutOfBoundsException" message="Index: 6, Size: 6">
      <![CDATA[java.lang.IndexOutOfBoundsException: Index: 6, Size: 6
	at java.util.ArrayList.rangeCheck(Unknown Source)
	at java.util.ArrayList.get(Unknown Source)
	at ToolsQAProject.FunctionalUtilities.AddToCart(FunctionalUtilities.java:26)
	at ToolsQAProject.AccessoriesPage.TestCaseOne(AccessoriesPage.java:37)
	at ToolsQAProject.MainTestClass.TestStarter(MainTestClass.java:46)
... Removed 24 stack frames]]>
    </failure>
  </testcase> <!-- TestStarter -->
</testsuite> <!-- Test -->
